<?xml version="1.0" encoding="UTF-8"?>
<!-- Generated by org.testng.reporters.JUnitXMLReporter -->
<testsuite hostname="US-R9Z245L" name="Navigator Application- FF" tests="3" failures="0" timestamp="9 May 2016 16:20:05 GMT" time="391.62" errors="0">
  <testcase name="verifyAllBladeLevelsForPMOZone" time="122.0" classname="com.mcd.navigator.test.TestPMONavigator"/>
  <testcase name="verifyAlBladesForPMODevelopmentGroup" time="129.983" classname="com.mcd.navigator.test.TestPMONavigator"/>
  <testcase name="verifyAlBladesForPMODivision" time="121.583" classname="com.mcd.navigator.test.TestPMONavigator"/>
</testsuite> <!-- Navigator Application- FF -->
