<?xml version="1.0" encoding="UTF-8"?>
<!-- Generated by org.testng.reporters.JUnitXMLReporter -->
<testsuite hostname="admin-PC" name="Navigator Application- FF" tests="5" failures="0" timestamp="8 May 2016 16:12:56 GMT" time="1766.326" errors="0">
  <testcase name="verifyUserIsOnFranchiseNavigatorLandingPage" time="273.936" classname="com.mcd.navigator.test.TestFranchiseNavigator"/>
  <testcase name="selectZoneAndVerifyZonesAreDisplayedInBlader" time="252.67" classname="com.mcd.navigator.test.TestFranchiseNavigator"/>
  <testcase name="selectEntityAndVerifyEntityAreDisplayedInBlader" time="284.362" classname="com.mcd.navigator.test.TestFranchiseNavigator"/>
  <testcase name="verifyDataEntityMeasures" time="621.657" classname="com.mcd.navigator.test.TestFranchiseNavigator"/>
  <testcase name="verifyAtlantaRegioHeaderInBlader" time="255.571" classname="com.mcd.navigator.test.TestFranchiseNavigator"/>
</testsuite> <!-- Navigator Application- FF -->
