<?xml version="1.0" encoding="UTF-8"?>
<testsuite name="Navigator Application- FF"
           tests="3"
           failures="0"
           errors="0"
           skipped="0"
           time="373.566">
  <properties />
  
  
            <testcase name="verifyAlBladesForPMODivision" time="121.583" classname="com.mcd.navigator.test.TestPMONavigator" />
                <testcase name="verifyAllBladeLevelsForPMOZone" time="122.000" classname="com.mcd.navigator.test.TestPMONavigator" />
                <testcase name="verifyAlBladesForPMODevelopmentGroup" time="129.983" classname="com.mcd.navigator.test.TestPMONavigator" />
      
</testsuite>
