<?xml version="1.0" encoding="UTF-8"?>
<testng-results skipped="0" failed="0" total="5" passed="5">
  <reporter-output>
    <line>
      <![CDATA[Enter user name as 'etst0028'<br/>]]>
    </line>
    <line>
      <![CDATA[Enter password as 'Marc2016'<br/>]]>
    </line>
    <line>
      <![CDATA[Click on login button<br/>]]>
    </line>
    <line>
      <![CDATA[Navigator Drop Down Clicked<br/>]]>
    </line>
    <line>
      <![CDATA[Click on Navigator Drop Down Icon<br>]]>
    </line>
    <line>
      <![CDATA[Verifying whether the navigator option 'Franchise Navigator' was present in the dropdown<br>]]>
    </line>
    <line>
      <![CDATA[Select the Franchise Navigator option as Franchise Navigator<br>]]>
    </line>
    <line>
      <![CDATA[List Of Franchise Navigator Drop Down Is clicked<br/>]]>
    </line>
    <line>
      <![CDATA[Verifying whether Region option is displayed in drop down<br/>]]>
    </line>
    <line>
      <![CDATA[Verifying whether Region option is displayed in drop down<br/>]]>
    </line>
    <line>
      <![CDATA[Verifying whether Region option is displayed in drop down<br/>]]>
    </line>
    <line>
      <![CDATA[List Of Franchise Navigator Drop Down Is clicked<br/>]]>
    </line>
    <line>
      <![CDATA[List Of Franchise Navigator Drop Down Is clicked<br/>]]>
    </line>
    <line>
      <![CDATA[Select the value Region from the List drop down<br/>]]>
    </line>
    <line>
      <![CDATA[Region Name Filter Button is clicked<br/>]]>
    </line>
    <line>
      <![CDATA[Region Name Filter Button is clicked<br/>]]>
    </line>
    <line>
      <![CDATA[Select the value 1 from the drop down<br/>]]>
    </line>
    <line>
      <![CDATA[Clear the contents of the 1 filter value<br/>]]>
    </line>
    <line>
      <![CDATA[Enter filter value as ATLANTA in the 1 filter value text box<br/>]]>
    </line>
    <line>
      <![CDATA[Click on Filter button<br/>]]>
    </line>
    <line>
      <![CDATA[Region name was displayed as expected - ATLANTA<br>]]>
    </line>
    <line>
      <![CDATA[Region Name Filter Button is clicked<br/>]]>
    </line>
    <line>
      <![CDATA[Select the value 1 from the drop down<br/>]]>
    </line>
    <line>
      <![CDATA[Clear the contents of the 1 filter value<br/>]]>
    </line>
    <line>
      <![CDATA[Enter filter value as BALTIMORE-WASHINGTON in the 1 filter value text box<br/>]]>
    </line>
    <line>
      <![CDATA[Click on Filter button<br/>]]>
    </line>
    <line>
      <![CDATA[Region name was displayed as expected - BALTIMORE-WASHINGTON<br>]]>
    </line>
    <line>
      <![CDATA[Region Filtered Button is clicked<br/>]]>
    </line>
    <line>
      <![CDATA[Select the value 1 from the drop down<br/>]]>
    </line>
    <line>
      <![CDATA[Clear the contents of the 1 filter value<br/>]]>
    </line>
    <line>
      <![CDATA[Enter filter value as BOSTON in the 1 filter value text box<br/>]]>
    </line>
    <line>
      <![CDATA[Click on Filter button<br/>]]>
    </line>
    <line>
      <![CDATA[Region name was displayed as expected - BOSTON<br>]]>
    </line>
    <line>
      <![CDATA[Region Name Filter Button is clicked<br/>]]>
    </line>
    <line>
      <![CDATA[Select the value 1 from the drop down<br/>]]>
    </line>
    <line>
      <![CDATA[Clear the contents of the 1 filter value<br/>]]>
    </line>
    <line>
      <![CDATA[Enter filter value as HEARTLAND in the 1 filter value text box<br/>]]>
    </line>
    <line>
      <![CDATA[Click on Filter button<br/>]]>
    </line>
    <line>
      <![CDATA[Region name was displayed as expected - HEARTLAND<br>]]>
    </line>
    <line>
      <![CDATA[Enter user name as 'etst0028'<br/>]]>
    </line>
    <line>
      <![CDATA[Enter password as 'Marc2016'<br/>]]>
    </line>
    <line>
      <![CDATA[Click on login button<br/>]]>
    </line>
    <line>
      <![CDATA[Navigator Drop Down Clicked<br/>]]>
    </line>
    <line>
      <![CDATA[Click on Navigator Drop Down Icon<br>]]>
    </line>
    <line>
      <![CDATA[Verifying whether the navigator option 'Franchise Navigator' was present in the dropdown<br>]]>
    </line>
    <line>
      <![CDATA[Select the Franchise Navigator option as Franchise Navigator<br>]]>
    </line>
    <line>
      <![CDATA[List Of Franchise Navigator Drop Down Is clicked<br/>]]>
    </line>
    <line>
      <![CDATA[Verifying whether Region option is displayed in drop down<br/>]]>
    </line>
    <line>
      <![CDATA[List Of Franchise Navigator Drop Down Is clicked<br/>]]>
    </line>
    <line>
      <![CDATA[List Of Franchise Navigator Drop Down Is clicked<br/>]]>
    </line>
    <line>
      <![CDATA[Select the value Zone from the List drop down<br/>]]>
    </line>
    <line>
      <![CDATA[Verify whether the zone 'West' is displayed on the bladder<br/>]]>
    </line>
    <line>
      <![CDATA[Verify whether the zone 'East' is displayed on the bladder<br/>]]>
    </line>
    <line>
      <![CDATA[Verify whether the zone 'Experience of the Future' is displayed on the bladder<br/>]]>
    </line>
    <line>
      <![CDATA[Enter user name as 'etst0028'<br/>]]>
    </line>
    <line>
      <![CDATA[Enter password as 'Marc2016'<br/>]]>
    </line>
    <line>
      <![CDATA[Click on login button<br/>]]>
    </line>
    <line>
      <![CDATA[Navigator Drop Down Clicked<br/>]]>
    </line>
    <line>
      <![CDATA[Click on Navigator Drop Down Icon<br>]]>
    </line>
    <line>
      <![CDATA[Verifying whether the navigator option 'Franchise Navigator' was present in the dropdown<br>]]>
    </line>
    <line>
      <![CDATA[Select the Franchise Navigator option as Franchise Navigator<br>]]>
    </line>
    <line>
      <![CDATA[List Of Franchise Navigator Drop Down Is clicked<br/>]]>
    </line>
    <line>
      <![CDATA[Select the value Entity from the List drop down<br/>]]>
    </line>
    <line>
      <![CDATA[Verify whether the zone 'AARON, JAMES D JR' is displayed on the bladder<br/>]]>
    </line>
    <line>
      <![CDATA[Verify whether the zone 'ABBATE, JAMES A' is displayed on the bladder<br/>]]>
    </line>
    <line>
      <![CDATA[Verify whether the zone 'ABBATE, JOHN' is displayed on the bladder<br/>]]>
    </line>
    <line>
      <![CDATA[Verify whether the zone 'ABBOTONI, HEIDI D, & DARYL A' is displayed on the bladder<br/>]]>
    </line>
    <line>
      <![CDATA[Verify whether the zone 'ACRE, EDWARD' is displayed on the bladder<br/>]]>
    </line>
    <line>
      <![CDATA[Enter user name as 'etst0028'<br/>]]>
    </line>
    <line>
      <![CDATA[Enter password as 'Marc2016'<br/>]]>
    </line>
    <line>
      <![CDATA[Click on login button<br/>]]>
    </line>
    <line>
      <![CDATA[Navigator Drop Down Clicked<br/>]]>
    </line>
    <line>
      <![CDATA[Click on Navigator Drop Down Icon<br>]]>
    </line>
    <line>
      <![CDATA[Verifying whether the navigator option 'Franchise Navigator' was present in the dropdown<br>]]>
    </line>
    <line>
      <![CDATA[Select the Franchise Navigator option as Franchise Navigator<br>]]>
    </line>
    <line>
      <![CDATA[List Of Franchise Navigator Drop Down Is clicked<br/>]]>
    </line>
    <line>
      <![CDATA[Select the value Region from the List drop down<br/>]]>
    </line>
    <line>
      <![CDATA[Data Drop Down is clicked<br/>]]>
    </line>
    <line>
      <![CDATA[Entity Name was displayed in blader as expected-'Entity Measures'<br>]]>
    </line>
    <line>
      <![CDATA[List Of Franchise Navigator Drop Down Is clicked<br/>]]>
    </line>
    <line>
      <![CDATA[Select the value Zone from the List drop down<br/>]]>
    </line>
    <line>
      <![CDATA[Data Drop Down is clicked<br/>]]>
    </line>
    <line>
      <![CDATA[Entity Name was displayed in blader as expected-'Entity Measures'<br>]]>
    </line>
    <line>
      <![CDATA[List Of Franchise Navigator Drop Down Is clicked<br/>]]>
    </line>
    <line>
      <![CDATA[Select the value Entity from the List drop down<br/>]]>
    </line>
    <line>
      <![CDATA[Data Drop Down is clicked<br/>]]>
    </line>
    <line>
      <![CDATA[Entity Name was displayed in blader as expected-'Business Review'<br>]]>
    </line>
    <line>
      <![CDATA[Enter user name as 'etst0028'<br/>]]>
    </line>
    <line>
      <![CDATA[Enter password as 'Marc2016'<br/>]]>
    </line>
    <line>
      <![CDATA[Click on login button<br/>]]>
    </line>
    <line>
      <![CDATA[Navigator Drop Down Clicked<br/>]]>
    </line>
    <line>
      <![CDATA[Click on Navigator Drop Down Icon<br>]]>
    </line>
    <line>
      <![CDATA[Verifying whether the navigator option 'Franchise Navigator' was present in the dropdown<br>]]>
    </line>
    <line>
      <![CDATA[Select the Franchise Navigator option as Franchise Navigator<br>]]>
    </line>
    <line>
      <![CDATA[List Of Franchise Navigator Drop Down Is clicked<br/>]]>
    </line>
    <line>
      <![CDATA[Select the value Region from the List drop down<br/>]]>
    </line>
    <line>
      <![CDATA[Click on the region - ATLANTA<br/>]]>
    </line>
    <line>
      <![CDATA[Verify whether the region name 'ATLANTA' is displayed in the second level bladder<br/>]]>
    </line>
    <line>
      <![CDATA[Close the blade '2'<br/>]]>
    </line>
  </reporter-output>
  <suite name="Regression Test Suite" duration-ms="1766326" started-at="2016-05-08T15:43:30Z" finished-at="2016-05-08T16:12:56Z">
    <groups>
    </groups>
    <test name="Navigator Application- FF" duration-ms="1766326" started-at="2016-05-08T15:43:30Z" finished-at="2016-05-08T16:12:56Z">
      <class name="com.mcd.navigator.test.TestFranchiseNavigator">
        <test-method status="PASS" signature="setUp(java.lang.String, java.lang.String)[pri:0, instance:com.mcd.navigator.test.TestFranchiseNavigator@13fcdbd]" name="setUp" is-config="true" duration-ms="15433" started-at="2016-05-08T21:13:30Z" finished-at="2016-05-08T21:13:45Z">
          <params>
            <param index="0">
              <value>
                <![CDATA[firefox]]>
              </value>
            </param>
            <param index="1">
              <value>
                <![CDATA[https://navigatorstg.mcd.com]]>
              </value>
            </param>
          </params>
          <reporter-output>
          </reporter-output>
        </test-method> <!-- setUp -->
        <test-method status="PASS" signature="verifyUserIsOnFranchiseNavigatorLandingPage(com.mcd.navigator.excelutils.LoginPageData)[pri:0, instance:com.mcd.navigator.test.TestFranchiseNavigator@13fcdbd]" name="verifyUserIsOnFranchiseNavigatorLandingPage" duration-ms="273936" started-at="2016-05-08T21:13:45Z" description="Verify that user is abe to navigate into Franchise Navigator Landing page" data-provider="TC_01" finished-at="2016-05-08T21:18:19Z">
          <params>
            <param index="0">
              <value>
                <![CDATA[com.mcd.navigator.excelutils.LoginPageData@10fd5a0]]>
              </value>
            </param>
          </params>
          <reporter-output>
            <line>
              <![CDATA[Enter user name as 'etst0028'<br/>]]>
            </line>
            <line>
              <![CDATA[Enter password as 'Marc2016'<br/>]]>
            </line>
            <line>
              <![CDATA[Click on login button<br/>]]>
            </line>
            <line>
              <![CDATA[Navigator Drop Down Clicked<br/>]]>
            </line>
            <line>
              <![CDATA[Click on Navigator Drop Down Icon<br>]]>
            </line>
            <line>
              <![CDATA[Verifying whether the navigator option 'Franchise Navigator' was present in the dropdown<br>]]>
            </line>
            <line>
              <![CDATA[Select the Franchise Navigator option as Franchise Navigator<br>]]>
            </line>
            <line>
              <![CDATA[List Of Franchise Navigator Drop Down Is clicked<br/>]]>
            </line>
            <line>
              <![CDATA[Verifying whether Region option is displayed in drop down<br/>]]>
            </line>
            <line>
              <![CDATA[Verifying whether Region option is displayed in drop down<br/>]]>
            </line>
            <line>
              <![CDATA[Verifying whether Region option is displayed in drop down<br/>]]>
            </line>
            <line>
              <![CDATA[List Of Franchise Navigator Drop Down Is clicked<br/>]]>
            </line>
            <line>
              <![CDATA[List Of Franchise Navigator Drop Down Is clicked<br/>]]>
            </line>
            <line>
              <![CDATA[Select the value Region from the List drop down<br/>]]>
            </line>
            <line>
              <![CDATA[Region Name Filter Button is clicked<br/>]]>
            </line>
            <line>
              <![CDATA[Region Name Filter Button is clicked<br/>]]>
            </line>
            <line>
              <![CDATA[Select the value 1 from the drop down<br/>]]>
            </line>
            <line>
              <![CDATA[Clear the contents of the 1 filter value<br/>]]>
            </line>
            <line>
              <![CDATA[Enter filter value as ATLANTA in the 1 filter value text box<br/>]]>
            </line>
            <line>
              <![CDATA[Click on Filter button<br/>]]>
            </line>
            <line>
              <![CDATA[Region name was displayed as expected - ATLANTA<br>]]>
            </line>
            <line>
              <![CDATA[Region Name Filter Button is clicked<br/>]]>
            </line>
            <line>
              <![CDATA[Select the value 1 from the drop down<br/>]]>
            </line>
            <line>
              <![CDATA[Clear the contents of the 1 filter value<br/>]]>
            </line>
            <line>
              <![CDATA[Enter filter value as BALTIMORE-WASHINGTON in the 1 filter value text box<br/>]]>
            </line>
            <line>
              <![CDATA[Click on Filter button<br/>]]>
            </line>
            <line>
              <![CDATA[Region name was displayed as expected - BALTIMORE-WASHINGTON<br>]]>
            </line>
            <line>
              <![CDATA[Region Filtered Button is clicked<br/>]]>
            </line>
            <line>
              <![CDATA[Select the value 1 from the drop down<br/>]]>
            </line>
            <line>
              <![CDATA[Clear the contents of the 1 filter value<br/>]]>
            </line>
            <line>
              <![CDATA[Enter filter value as BOSTON in the 1 filter value text box<br/>]]>
            </line>
            <line>
              <![CDATA[Click on Filter button<br/>]]>
            </line>
            <line>
              <![CDATA[Region name was displayed as expected - BOSTON<br>]]>
            </line>
            <line>
              <![CDATA[Region Name Filter Button is clicked<br/>]]>
            </line>
            <line>
              <![CDATA[Select the value 1 from the drop down<br/>]]>
            </line>
            <line>
              <![CDATA[Clear the contents of the 1 filter value<br/>]]>
            </line>
            <line>
              <![CDATA[Enter filter value as HEARTLAND in the 1 filter value text box<br/>]]>
            </line>
            <line>
              <![CDATA[Click on Filter button<br/>]]>
            </line>
            <line>
              <![CDATA[Region name was displayed as expected - HEARTLAND<br>]]>
            </line>
          </reporter-output>
        </test-method> <!-- verifyUserIsOnFranchiseNavigatorLandingPage -->
        <test-method status="PASS" signature="tearDown()[pri:0, instance:com.mcd.navigator.test.TestFranchiseNavigator@13fcdbd]" name="tearDown" is-config="true" duration-ms="498" started-at="2016-05-08T21:18:20Z" finished-at="2016-05-08T21:18:20Z">
          <reporter-output>
          </reporter-output>
        </test-method> <!-- tearDown -->
        <test-method status="PASS" signature="setUp(java.lang.String, java.lang.String)[pri:0, instance:com.mcd.navigator.test.TestFranchiseNavigator@13fcdbd]" name="setUp" is-config="true" duration-ms="14562" started-at="2016-05-08T21:18:20Z" finished-at="2016-05-08T21:18:35Z">
          <params>
            <param index="0">
              <value>
                <![CDATA[firefox]]>
              </value>
            </param>
            <param index="1">
              <value>
                <![CDATA[https://navigatorstg.mcd.com]]>
              </value>
            </param>
          </params>
          <reporter-output>
          </reporter-output>
        </test-method> <!-- setUp -->
        <test-method status="PASS" signature="selectZoneAndVerifyZonesAreDisplayedInBlader(com.mcd.navigator.excelutils.LoginPageData)[pri:0, instance:com.mcd.navigator.test.TestFranchiseNavigator@13fcdbd]" name="selectZoneAndVerifyZonesAreDisplayedInBlader" duration-ms="252670" started-at="2016-05-08T21:18:35Z" description="Select Zone from Franchise navigator list and verify the zone&#039;s got displayed in first blader" data-provider="TC_01" finished-at="2016-05-08T21:22:48Z">
          <params>
            <param index="0">
              <value>
                <![CDATA[com.mcd.navigator.excelutils.LoginPageData@6c4480]]>
              </value>
            </param>
          </params>
          <reporter-output>
            <line>
              <![CDATA[Enter user name as 'etst0028'<br/>]]>
            </line>
            <line>
              <![CDATA[Enter password as 'Marc2016'<br/>]]>
            </line>
            <line>
              <![CDATA[Click on login button<br/>]]>
            </line>
            <line>
              <![CDATA[Navigator Drop Down Clicked<br/>]]>
            </line>
            <line>
              <![CDATA[Click on Navigator Drop Down Icon<br>]]>
            </line>
            <line>
              <![CDATA[Verifying whether the navigator option 'Franchise Navigator' was present in the dropdown<br>]]>
            </line>
            <line>
              <![CDATA[Select the Franchise Navigator option as Franchise Navigator<br>]]>
            </line>
            <line>
              <![CDATA[List Of Franchise Navigator Drop Down Is clicked<br/>]]>
            </line>
            <line>
              <![CDATA[Verifying whether Region option is displayed in drop down<br/>]]>
            </line>
            <line>
              <![CDATA[List Of Franchise Navigator Drop Down Is clicked<br/>]]>
            </line>
            <line>
              <![CDATA[List Of Franchise Navigator Drop Down Is clicked<br/>]]>
            </line>
            <line>
              <![CDATA[Select the value Zone from the List drop down<br/>]]>
            </line>
            <line>
              <![CDATA[Verify whether the zone 'West' is displayed on the bladder<br/>]]>
            </line>
            <line>
              <![CDATA[Verify whether the zone 'East' is displayed on the bladder<br/>]]>
            </line>
            <line>
              <![CDATA[Verify whether the zone 'Experience of the Future' is displayed on the bladder<br/>]]>
            </line>
          </reporter-output>
        </test-method> <!-- selectZoneAndVerifyZonesAreDisplayedInBlader -->
        <test-method status="PASS" signature="tearDown()[pri:0, instance:com.mcd.navigator.test.TestFranchiseNavigator@13fcdbd]" name="tearDown" is-config="true" duration-ms="484" started-at="2016-05-08T21:22:48Z" finished-at="2016-05-08T21:22:48Z">
          <reporter-output>
          </reporter-output>
        </test-method> <!-- tearDown -->
        <test-method status="PASS" signature="setUp(java.lang.String, java.lang.String)[pri:0, instance:com.mcd.navigator.test.TestFranchiseNavigator@13fcdbd]" name="setUp" is-config="true" duration-ms="14514" started-at="2016-05-08T21:22:48Z" finished-at="2016-05-08T21:23:03Z">
          <params>
            <param index="0">
              <value>
                <![CDATA[firefox]]>
              </value>
            </param>
            <param index="1">
              <value>
                <![CDATA[https://navigatorstg.mcd.com]]>
              </value>
            </param>
          </params>
          <reporter-output>
          </reporter-output>
        </test-method> <!-- setUp -->
        <test-method status="PASS" signature="selectEntityAndVerifyEntityAreDisplayedInBlader(com.mcd.navigator.excelutils.LoginPageData)[pri:0, instance:com.mcd.navigator.test.TestFranchiseNavigator@13fcdbd]" name="selectEntityAndVerifyEntityAreDisplayedInBlader" duration-ms="284362" started-at="2016-05-08T21:23:03Z" description="Select Zone from Franchise navigator list and verify the zone&#039;s got displayed in first blader" data-provider="TC_01" finished-at="2016-05-08T21:27:47Z">
          <params>
            <param index="0">
              <value>
                <![CDATA[com.mcd.navigator.excelutils.LoginPageData@16ecee1]]>
              </value>
            </param>
          </params>
          <reporter-output>
            <line>
              <![CDATA[Enter user name as 'etst0028'<br/>]]>
            </line>
            <line>
              <![CDATA[Enter password as 'Marc2016'<br/>]]>
            </line>
            <line>
              <![CDATA[Click on login button<br/>]]>
            </line>
            <line>
              <![CDATA[Navigator Drop Down Clicked<br/>]]>
            </line>
            <line>
              <![CDATA[Click on Navigator Drop Down Icon<br>]]>
            </line>
            <line>
              <![CDATA[Verifying whether the navigator option 'Franchise Navigator' was present in the dropdown<br>]]>
            </line>
            <line>
              <![CDATA[Select the Franchise Navigator option as Franchise Navigator<br>]]>
            </line>
            <line>
              <![CDATA[List Of Franchise Navigator Drop Down Is clicked<br/>]]>
            </line>
            <line>
              <![CDATA[Select the value Entity from the List drop down<br/>]]>
            </line>
            <line>
              <![CDATA[Verify whether the zone 'AARON, JAMES D JR' is displayed on the bladder<br/>]]>
            </line>
            <line>
              <![CDATA[Verify whether the zone 'ABBATE, JAMES A' is displayed on the bladder<br/>]]>
            </line>
            <line>
              <![CDATA[Verify whether the zone 'ABBATE, JOHN' is displayed on the bladder<br/>]]>
            </line>
            <line>
              <![CDATA[Verify whether the zone 'ABBOTONI, HEIDI D, & DARYL A' is displayed on the bladder<br/>]]>
            </line>
            <line>
              <![CDATA[Verify whether the zone 'ACRE, EDWARD' is displayed on the bladder<br/>]]>
            </line>
          </reporter-output>
        </test-method> <!-- selectEntityAndVerifyEntityAreDisplayedInBlader -->
        <test-method status="PASS" signature="tearDown()[pri:0, instance:com.mcd.navigator.test.TestFranchiseNavigator@13fcdbd]" name="tearDown" is-config="true" duration-ms="634" started-at="2016-05-08T21:27:48Z" finished-at="2016-05-08T21:27:48Z">
          <reporter-output>
          </reporter-output>
        </test-method> <!-- tearDown -->
        <test-method status="PASS" signature="setUp(java.lang.String, java.lang.String)[pri:0, instance:com.mcd.navigator.test.TestFranchiseNavigator@13fcdbd]" name="setUp" is-config="true" duration-ms="13633" started-at="2016-05-08T21:27:48Z" finished-at="2016-05-08T21:28:02Z">
          <params>
            <param index="0">
              <value>
                <![CDATA[firefox]]>
              </value>
            </param>
            <param index="1">
              <value>
                <![CDATA[https://navigatorstg.mcd.com]]>
              </value>
            </param>
          </params>
          <reporter-output>
          </reporter-output>
        </test-method> <!-- setUp -->
        <test-method status="PASS" signature="verifyDataEntityMeasures(com.mcd.navigator.excelutils.LoginPageData)[pri:0, instance:com.mcd.navigator.test.TestFranchiseNavigator@13fcdbd]" name="verifyDataEntityMeasures" duration-ms="621657" started-at="2016-05-08T21:28:02Z" description="Verify whether Data Entity Measures is displayed in drop doen" data-provider="TC_01" finished-at="2016-05-08T21:38:24Z">
          <params>
            <param index="0">
              <value>
                <![CDATA[com.mcd.navigator.excelutils.LoginPageData@152f2cb]]>
              </value>
            </param>
          </params>
          <reporter-output>
            <line>
              <![CDATA[Enter user name as 'etst0028'<br/>]]>
            </line>
            <line>
              <![CDATA[Enter password as 'Marc2016'<br/>]]>
            </line>
            <line>
              <![CDATA[Click on login button<br/>]]>
            </line>
            <line>
              <![CDATA[Navigator Drop Down Clicked<br/>]]>
            </line>
            <line>
              <![CDATA[Click on Navigator Drop Down Icon<br>]]>
            </line>
            <line>
              <![CDATA[Verifying whether the navigator option 'Franchise Navigator' was present in the dropdown<br>]]>
            </line>
            <line>
              <![CDATA[Select the Franchise Navigator option as Franchise Navigator<br>]]>
            </line>
            <line>
              <![CDATA[List Of Franchise Navigator Drop Down Is clicked<br/>]]>
            </line>
            <line>
              <![CDATA[Select the value Region from the List drop down<br/>]]>
            </line>
            <line>
              <![CDATA[Data Drop Down is clicked<br/>]]>
            </line>
            <line>
              <![CDATA[Entity Name was displayed in blader as expected-'Entity Measures'<br>]]>
            </line>
            <line>
              <![CDATA[List Of Franchise Navigator Drop Down Is clicked<br/>]]>
            </line>
            <line>
              <![CDATA[Select the value Zone from the List drop down<br/>]]>
            </line>
            <line>
              <![CDATA[Data Drop Down is clicked<br/>]]>
            </line>
            <line>
              <![CDATA[Entity Name was displayed in blader as expected-'Entity Measures'<br>]]>
            </line>
            <line>
              <![CDATA[List Of Franchise Navigator Drop Down Is clicked<br/>]]>
            </line>
            <line>
              <![CDATA[Select the value Entity from the List drop down<br/>]]>
            </line>
            <line>
              <![CDATA[Data Drop Down is clicked<br/>]]>
            </line>
            <line>
              <![CDATA[Entity Name was displayed in blader as expected-'Business Review'<br>]]>
            </line>
          </reporter-output>
        </test-method> <!-- verifyDataEntityMeasures -->
        <test-method status="PASS" signature="tearDown()[pri:0, instance:com.mcd.navigator.test.TestFranchiseNavigator@13fcdbd]" name="tearDown" is-config="true" duration-ms="548" started-at="2016-05-08T21:38:24Z" finished-at="2016-05-08T21:38:24Z">
          <reporter-output>
          </reporter-output>
        </test-method> <!-- tearDown -->
        <test-method status="PASS" signature="setUp(java.lang.String, java.lang.String)[pri:0, instance:com.mcd.navigator.test.TestFranchiseNavigator@13fcdbd]" name="setUp" is-config="true" duration-ms="14214" started-at="2016-05-08T21:38:24Z" finished-at="2016-05-08T21:38:39Z">
          <params>
            <param index="0">
              <value>
                <![CDATA[firefox]]>
              </value>
            </param>
            <param index="1">
              <value>
                <![CDATA[https://navigatorstg.mcd.com]]>
              </value>
            </param>
          </params>
          <reporter-output>
          </reporter-output>
        </test-method> <!-- setUp -->
        <test-method status="PASS" signature="verifyAtlantaRegioHeaderInBlader(com.mcd.navigator.excelutils.LoginPageData)[pri:0, instance:com.mcd.navigator.test.TestFranchiseNavigator@13fcdbd]" name="verifyAtlantaRegioHeaderInBlader" duration-ms="255571" started-at="2016-05-08T21:38:39Z" description="Verify that user is abe to Atlanda Region in second lavel blader" data-provider="TC_01" finished-at="2016-05-08T21:42:54Z">
          <params>
            <param index="0">
              <value>
                <![CDATA[com.mcd.navigator.excelutils.LoginPageData@5d79f0]]>
              </value>
            </param>
          </params>
          <reporter-output>
            <line>
              <![CDATA[Enter user name as 'etst0028'<br/>]]>
            </line>
            <line>
              <![CDATA[Enter password as 'Marc2016'<br/>]]>
            </line>
            <line>
              <![CDATA[Click on login button<br/>]]>
            </line>
            <line>
              <![CDATA[Navigator Drop Down Clicked<br/>]]>
            </line>
            <line>
              <![CDATA[Click on Navigator Drop Down Icon<br>]]>
            </line>
            <line>
              <![CDATA[Verifying whether the navigator option 'Franchise Navigator' was present in the dropdown<br>]]>
            </line>
            <line>
              <![CDATA[Select the Franchise Navigator option as Franchise Navigator<br>]]>
            </line>
            <line>
              <![CDATA[List Of Franchise Navigator Drop Down Is clicked<br/>]]>
            </line>
            <line>
              <![CDATA[Select the value Region from the List drop down<br/>]]>
            </line>
            <line>
              <![CDATA[Click on the region - ATLANTA<br/>]]>
            </line>
            <line>
              <![CDATA[Verify whether the region name 'ATLANTA' is displayed in the second level bladder<br/>]]>
            </line>
            <line>
              <![CDATA[Close the blade '2'<br/>]]>
            </line>
          </reporter-output>
        </test-method> <!-- verifyAtlantaRegioHeaderInBlader -->
        <test-method status="PASS" signature="tearDown()[pri:0, instance:com.mcd.navigator.test.TestFranchiseNavigator@13fcdbd]" name="tearDown" is-config="true" duration-ms="1673" started-at="2016-05-08T21:42:55Z" finished-at="2016-05-08T21:42:56Z">
          <reporter-output>
          </reporter-output>
        </test-method> <!-- tearDown -->
      </class> <!-- com.mcd.navigator.test.TestFranchiseNavigator -->
    </test> <!-- Navigator Application- FF -->
  </suite> <!-- Regression Test Suite -->
</testng-results>
